<?xml version="1.0" encoding="UTF-8"?>
<testsuite xmlns:xsi="http://www.w3.org/2001/XMLSchema-instance" xsi:noNamespaceSchemaLocation="https://maven.apache.org/surefire/maven-surefire-plugin/xsd/surefire-test-report-3.0.xsd" version="3.0" name="com.upiiz.relaciones.RelacionesApplicationTests" time="9.385" tests="1" errors="0" skipped="0" failures="0">
  <properties>
[...]
</properties>
  <testcase name="contextLoads" classname="com.upiiz.relaciones.RelacionesApplicationTests" time="0.981">
    <system-out><![CDATA[13:07:25.795 [main] INFO org.springframework.test.context.support.AnnotationConfigContextLoaderUtils -- Could not detect default configuration classes for test class [com.upiiz.relaciones.RelacionesApplicationTests]: RelacionesApplicationTests does not declare any static, non-private, non-final, nested classes annotated with @Configuration.
13:07:25.998 [main] INFO org.springframework.boot.test.context.SpringBootTestContextBootstrapper -- Found @SpringBootConfiguration com.upiiz.relaciones.RelacionesApplication for test class com.upiiz.relaciones.RelacionesApplicationTests
13:07:26.350 [main] INFO org.springframework.boot.devtools.restart.RestartApplicationListener -- Restart disabled due to context in which it is running

  .   ____          _            __ _ _
 /\\ / ___'_ __ _ _(_)_ __  __ _ \ \ \ \
( ( )\___ | '_ | '_| | '_ \/ _` | \ \ \ \
 \\/  ___)| |_)| | | | | || (_| |  ) ) ) )
  '  |____| .__|_| |_|_| |_\__, | / / / /
 =========|_|==============|___/=/_/_/_/

 :: Spring Boot ::                (v3.3.5)

2024-11-01T13:07:26.713-06:00  INFO 1472 --- [relaciones] [           main] c.u.r.RelacionesApplicationTests         : Starting RelacionesApplicationTests using Java 21.0.2 with PID 1472 (started by migue in P:\UPIIZ\UPIIZ_7semestre\AplicacionesWeb\relaciones)
2024-11-01T13:07:26.713-06:00  INFO 1472 --- [relaciones] [           main] c.u.r.RelacionesApplicationTests         : No active profile set, falling back to 1 default profile: "default"
2024-11-01T13:07:27.892-06:00  INFO 1472 --- [relaciones] [           main] .s.d.r.c.RepositoryConfigurationDelegate : Bootstrapping Spring Data JPA repositories in DEFAULT mode.
2024-11-01T13:07:27.924-06:00  INFO 1472 --- [relaciones] [           main] .s.d.r.c.RepositoryConfigurationDelegate : Finished Spring Data repository scanning in 21 ms. Found 0 JPA repository interfaces.
2024-11-01T13:07:28.827-06:00  INFO 1472 --- [relaciones] [           main] o.hibernate.jpa.internal.util.LogHelper  : HHH000204: Processing PersistenceUnitInfo [name: default]
2024-11-01T13:07:28.963-06:00  INFO 1472 --- [relaciones] [           main] org.hibernate.Version                    : HHH000412: Hibernate ORM core version 6.5.3.Final
2024-11-01T13:07:29.077-06:00  INFO 1472 --- [relaciones] [           main] o.h.c.internal.RegionFactoryInitiator    : HHH000026: Second-level cache disabled
2024-11-01T13:07:29.649-06:00  INFO 1472 --- [relaciones] [           main] o.s.o.j.p.SpringPersistenceUnitInfo      : No LoadTimeWeaver setup: ignoring JPA class transformer
2024-11-01T13:07:29.699-06:00  INFO 1472 --- [relaciones] [           main] com.zaxxer.hikari.HikariDataSource       : HikariPool-1 - Starting...
2024-11-01T13:07:29.949-06:00  INFO 1472 --- [relaciones] [           main] com.zaxxer.hikari.pool.HikariPool        : HikariPool-1 - Added connection com.mysql.cj.jdbc.ConnectionImpl@40fe8fd5
2024-11-01T13:07:29.949-06:00  INFO 1472 --- [relaciones] [           main] com.zaxxer.hikari.HikariDataSource       : HikariPool-1 - Start completed.
2024-11-01T13:07:30.030-06:00  WARN 1472 --- [relaciones] [           main] org.hibernate.dialect.Dialect            : HHH000511: The 5.5.5 version for [org.hibernate.dialect.MySQLDialect] is no longer supported, hence certain features may not work properly. The minimum supported version is 8.0.0. Check the community dialects project for available legacy versions.
2024-11-01T13:07:30.041-06:00  WARN 1472 --- [relaciones] [           main] org.hibernate.orm.deprecation            : HHH90000025: MySQLDialect does not need to be specified explicitly using 'hibernate.dialect' (remove the property setting and it will be selected by default)
2024-11-01T13:07:31.471-06:00  INFO 1472 --- [relaciones] [           main] o.h.e.t.j.p.i.JtaPlatformInitiator       : HHH000489: No JTA platform available (set 'hibernate.transaction.jta.platform' to enable JTA platform integration)
Hibernate: alter table estudiante drop foreign key FKnhtw03mpow1gg97t00593ylso
Hibernate: alter table estudiante drop foreign key FKsw7g0nx21a4qk3fjvrygvaw5d
Hibernate: alter table estudiante_curso drop foreign key FK5idasgqwt0pn1rmcpms1p8ei0
Hibernate: alter table estudiante_curso drop foreign key FK5t3k5863tvvd1lr1qxt1jgyv
Hibernate: alter table leccion drop foreign key FKppy9wivfqlg7mu1dtd0ia2v43
Hibernate: drop table if exists curso
Hibernate: drop table if exists estudiante
Hibernate: drop table if exists estudiante_curso
Hibernate: drop table if exists leccion
Hibernate: drop table if exists perfil
Hibernate: drop table if exists tutor
Hibernate: create table curso (id bigint not null auto_increment, descripcion varchar(255), titulo varchar(255), primary key (id)) engine=InnoDB
Hibernate: create table estudiante (id bigint not null auto_increment, perfil_id bigint, tutor_id bigint, correo varchar(255), matricula varchar(255), nombre VARCHAR(50), primary key (id)) engine=InnoDB
Hibernate: create table estudiante_curso (curso_id bigint not null, estudiantes_id bigint not null) engine=InnoDB
Hibernate: create table leccion (curso_id_id bigint, id bigint not null auto_increment, contenido varchar(255), titulo varchar(255), primary key (id)) engine=InnoDB
Hibernate: create table perfil (id bigint not null auto_increment, biografia varchar(255), foto varchar(255), primary key (id)) engine=InnoDB
Hibernate: create table tutor (id bigint not null auto_increment, correo varchar(255), escolaridad varchar(255), nombre varchar(255), primary key (id)) engine=InnoDB
Hibernate: alter table estudiante add constraint UKmmsyc61tojdxc5sg222odrm6b unique (perfil_id)
Hibernate: alter table estudiante add constraint FKnhtw03mpow1gg97t00593ylso foreign key (perfil_id) references perfil (id)
Hibernate: alter table estudiante add constraint FKsw7g0nx21a4qk3fjvrygvaw5d foreign key (tutor_id) references tutor (id)
Hibernate: alter table estudiante_curso add constraint FK5idasgqwt0pn1rmcpms1p8ei0 foreign key (curso_id) references curso (id)
Hibernate: alter table estudiante_curso add constraint FK5t3k5863tvvd1lr1qxt1jgyv foreign key (estudiantes_id) references estudiante (id)
Hibernate: alter table leccion add constraint FKppy9wivfqlg7mu1dtd0ia2v43 foreign key (curso_id_id) references curso (id)
2024-11-01T13:07:31.803-06:00  INFO 1472 --- [relaciones] [           main] j.LocalContainerEntityManagerFactoryBean : Initialized JPA EntityManagerFactory for persistence unit 'default'
2024-11-01T13:07:32.171-06:00  WARN 1472 --- [relaciones] [           main] JpaBaseConfiguration$JpaWebConfiguration : spring.jpa.open-in-view is enabled by default. Therefore, database queries may be performed during view rendering. Explicitly configure spring.jpa.open-in-view to disable this warning
2024-11-01T13:07:33.347-06:00  WARN 1472 --- [relaciones] [           main] .s.s.UserDetailsServiceAutoConfiguration : 

Using generated security password: bf5df140-9334-4259-82d0-4f3b435ce4c6

This generated password is for development use only. Your security configuration must be updated before running your application in production.

2024-11-01T13:07:33.390-06:00  INFO 1472 --- [relaciones] [           main] r$InitializeUserDetailsManagerConfigurer : Global AuthenticationManager configured with UserDetailsService bean with name inMemoryUserDetailsManager
2024-11-01T13:07:33.907-06:00  INFO 1472 --- [relaciones] [           main] c.u.r.RelacionesApplicationTests         : Started RelacionesApplicationTests in 7.583 seconds (process running for 9.514)
]]></system-out>
    <system-err><![CDATA[WARNING: A Java agent has been loaded dynamically (C:\Users\migue\.m2\repository\net\bytebuddy\byte-buddy-agent\1.14.19\byte-buddy-agent-1.14.19.jar)
WARNING: If a serviceability tool is in use, please run with -XX:+EnableDynamicAgentLoading to hide this warning
WARNING: If a serviceability tool is not in use, please run with -Djdk.instrument.traceUsage for more information
WARNING: Dynamic loading of agents will be disallowed by default in a future release
]]></system-err>
  </testcase>
</testsuite>